[11-Dec-2025 04:16:09 Europe/Berlin] === Script Started at 2025-12-11 04:16:09 ===
[11-Dec-2025 04:16:58 Europe/Berlin] === Script Started at 2025-12-11 04:16:58 ===
[11-Dec-2025 04:16:58 Europe/Berlin] === RATING SUBMISSION START ===
[11-Dec-2025 04:16:58 Europe/Berlin] POST data: Array
(
    [order_id] => 10
    [rating_8] => 3
    [quality_8] => 2
    [fit_8] => 2
    [value_8] => 2
    [review_title_8] => Sarap ng puking may tahi
    [review_text_8] => Ughh sarap dDDY
    [recommend_8] => 1
    [submit_rating] => 
)

[11-Dec-2025 04:16:58 Europe/Berlin] FILES data: Array
(
    [rating_images_8] => Array
        (
            [name] => Array
                (
                    [0] => Lulu in a bag.png
                )

            [full_path] => Array
                (
                    [0] => Lulu in a bag.png
                )

            [type] => Array
                (
                    [0] => image/png
                )

            [tmp_name] => Array
                (
                    [0] => C:\xamppNEW\tmp\php99B7.tmp
                )

            [error] => Array
                (
                    [0] => 0
                )

            [size] => Array
                (
                    [0] => 123986
                )

        )

)

[11-Dec-2025 04:16:58 Europe/Berlin] Processing item - order_item_id: 8
[11-Dec-2025 04:16:58 Europe/Berlin] === DETAILED DEBUG FOR ITEM 8 ===
[11-Dec-2025 04:16:58 Europe/Berlin] Existing ratings found: 0
[11-Dec-2025 04:16:58 Europe/Berlin] No existing rating, proceeding...
[11-Dec-2025 04:16:58 Europe/Berlin] Rating key: rating_8
[11-Dec-2025 04:16:58 Europe/Berlin] Rating value from POST: 3
[11-Dec-2025 04:16:58 Europe/Berlin] Rating after intval: 3
[11-Dec-2025 04:16:59 Europe/Berlin] SUCCESS: Inserted rating ID: 10
[11-Dec-2025 04:16:59 Europe/Berlin] Looking for images with name: rating_images_8
[11-Dec-2025 04:16:59 Europe/Berlin] FILES array: Array
(
    [rating_images_8] => Array
        (
            [name] => Array
                (
                    [0] => Lulu in a bag.png
                )

            [full_path] => Array
                (
                    [0] => Lulu in a bag.png
                )

            [type] => Array
                (
                    [0] => image/png
                )

            [tmp_name] => Array
                (
                    [0] => C:\xamppNEW\tmp\php99B7.tmp
                )

            [error] => Array
                (
                    [0] => 0
                )

            [size] => Array
                (
                    [0] => 123986
                )

        )

)

[11-Dec-2025 04:16:59 Europe/Berlin] Found images for rating_images_8
[11-Dec-2025 04:16:59 Europe/Berlin] File array structure: Array
(
    [name] => Array
        (
            [0] => Lulu in a bag.png
        )

    [full_path] => Array
        (
            [0] => Lulu in a bag.png
        )

    [type] => Array
        (
            [0] => image/png
        )

    [tmp_name] => Array
        (
            [0] => C:\xamppNEW\tmp\php99B7.tmp
        )

    [error] => Array
        (
            [0] => 0
        )

    [size] => Array
        (
            [0] => 123986
        )

)

[11-Dec-2025 04:16:59 Europe/Berlin] Found 1 images to upload
[11-Dec-2025 04:16:59 Europe/Berlin] Processing image 0
[11-Dec-2025 04:16:59 Europe/Berlin] Upload error code: 0
[11-Dec-2025 04:16:59 Europe/Berlin] File: Lulu in a bag.png, Size: 123986, Type: image/png
[11-Dec-2025 04:16:59 Europe/Berlin] Attempting to move file to: ratingimages/693a37ab037db_1765423019_0.png
[11-Dec-2025 04:16:59 Europe/Berlin] SUCCESS: File moved to ratingimages/693a37ab037db_1765423019_0.png
[11-Dec-2025 04:16:59 Europe/Berlin] SUCCESS: Thumbnail created at ratingimages/thumbnails/thumb_693a37ab037db_1765423019_0.png
[11-Dec-2025 04:16:59 Europe/Berlin] === IMAGE INSERT DEBUG ===
[11-Dec-2025 04:16:59 Europe/Berlin] Rating ID: 10
[11-Dec-2025 04:16:59 Europe/Berlin] Upload Path: ratingimages/693a37ab037db_1765423019_0.png
[11-Dec-2025 04:16:59 Europe/Berlin] Thumbnail Path: ratingimages/thumbnails/thumb_693a37ab037db_1765423019_0.png
[11-Dec-2025 04:16:59 Europe/Berlin] File Name: Lulu in a bag.png
[11-Dec-2025 04:16:59 Europe/Berlin] File Size: 123986
[11-Dec-2025 04:16:59 Europe/Berlin] File Type: image/png
[11-Dec-2025 04:16:59 Europe/Berlin] Image Order: 1
[11-Dec-2025 04:16:59 Europe/Berlin] SUCCESS: Image record inserted into database with ID: 5
[11-Dec-2025 04:16:59 Europe/Berlin] Verification - Rows found: 1
[11-Dec-2025 04:16:59 Europe/Berlin] === RATING SUBMISSION END ===
[11-Dec-2025 04:16:59 Europe/Berlin] === Script Started at 2025-12-11 04:16:59 ===
[11-Dec-2025 04:17:34 Europe/Berlin] === Script Started at 2025-12-11 04:17:34 ===
[11-Dec-2025 04:17:34 Europe/Berlin] === RATING SUBMISSION START ===
[11-Dec-2025 04:17:34 Europe/Berlin] POST data: Array
(
    [order_id] => 9
    [rating_7] => 3
    [quality_7] => 2
    [fit_7] => 2
    [value_7] => 5
    [review_title_7] => Anf pekpek ay pribado
    [review_text_7] => sensitibong usapan

    [recommend_7] => 1
    [submit_rating] => 
)

[11-Dec-2025 04:17:34 Europe/Berlin] FILES data: Array
(
    [rating_images_7] => Array
        (
            [name] => Array
                (
                    [0] => Letter.png
                )

            [full_path] => Array
                (
                    [0] => Letter.png
                )

            [type] => Array
                (
                    [0] => image/png
                )

            [tmp_name] => Array
                (
                    [0] => C:\xamppNEW\tmp\php23B9.tmp
                )

            [error] => Array
                (
                    [0] => 0
                )

            [size] => Array
                (
                    [0] => 306441
                )

        )

)

[11-Dec-2025 04:17:34 Europe/Berlin] Processing item - order_item_id: 7
[11-Dec-2025 04:17:34 Europe/Berlin] === DETAILED DEBUG FOR ITEM 7 ===
[11-Dec-2025 04:17:34 Europe/Berlin] Existing ratings found: 0
[11-Dec-2025 04:17:34 Europe/Berlin] No existing rating, proceeding...
[11-Dec-2025 04:17:34 Europe/Berlin] Rating key: rating_7
[11-Dec-2025 04:17:34 Europe/Berlin] Rating value from POST: 3
[11-Dec-2025 04:17:34 Europe/Berlin] Rating after intval: 3
[11-Dec-2025 04:17:34 Europe/Berlin] SUCCESS: Inserted rating ID: 11
[11-Dec-2025 04:17:34 Europe/Berlin] Looking for images with name: rating_images_7
[11-Dec-2025 04:17:34 Europe/Berlin] FILES array: Array
(
    [rating_images_7] => Array
        (
            [name] => Array
                (
                    [0] => Letter.png
                )

            [full_path] => Array
                (
                    [0] => Letter.png
                )

            [type] => Array
                (
                    [0] => image/png
                )

            [tmp_name] => Array
                (
                    [0] => C:\xamppNEW\tmp\php23B9.tmp
                )

            [error] => Array
                (
                    [0] => 0
                )

            [size] => Array
                (
                    [0] => 306441
                )

        )

)

[11-Dec-2025 04:17:34 Europe/Berlin] Found images for rating_images_7
[11-Dec-2025 04:17:34 Europe/Berlin] File array structure: Array
(
    [name] => Array
        (
            [0] => Letter.png
        )

    [full_path] => Array
        (
            [0] => Letter.png
        )

    [type] => Array
        (
            [0] => image/png
        )

    [tmp_name] => Array
        (
            [0] => C:\xamppNEW\tmp\php23B9.tmp
        )

    [error] => Array
        (
            [0] => 0
        )

    [size] => Array
        (
            [0] => 306441
        )

)

[11-Dec-2025 04:17:34 Europe/Berlin] Found 1 images to upload
[11-Dec-2025 04:17:34 Europe/Berlin] Processing image 0
[11-Dec-2025 04:17:34 Europe/Berlin] Upload error code: 0
[11-Dec-2025 04:17:34 Europe/Berlin] File: Letter.png, Size: 306441, Type: image/png
[11-Dec-2025 04:17:34 Europe/Berlin] Attempting to move file to: ratingimages/693a37ce4e1f9_1765423054_0.png
[11-Dec-2025 04:17:34 Europe/Berlin] SUCCESS: File moved to ratingimages/693a37ce4e1f9_1765423054_0.png
[11-Dec-2025 04:17:34 Europe/Berlin] SUCCESS: Thumbnail created at ratingimages/thumbnails/thumb_693a37ce4e1f9_1765423054_0.png
[11-Dec-2025 04:17:34 Europe/Berlin] === IMAGE INSERT DEBUG ===
[11-Dec-2025 04:17:34 Europe/Berlin] Rating ID: 11
[11-Dec-2025 04:17:34 Europe/Berlin] Upload Path: ratingimages/693a37ce4e1f9_1765423054_0.png
[11-Dec-2025 04:17:34 Europe/Berlin] Thumbnail Path: ratingimages/thumbnails/thumb_693a37ce4e1f9_1765423054_0.png
[11-Dec-2025 04:17:34 Europe/Berlin] File Name: Letter.png
[11-Dec-2025 04:17:34 Europe/Berlin] File Size: 306441
[11-Dec-2025 04:17:34 Europe/Berlin] File Type: image/png
[11-Dec-2025 04:17:34 Europe/Berlin] Image Order: 1
[11-Dec-2025 04:17:34 Europe/Berlin] SUCCESS: Image record inserted into database with ID: 6
[11-Dec-2025 04:17:34 Europe/Berlin] Verification - Rows found: 1
[11-Dec-2025 04:17:34 Europe/Berlin] === RATING SUBMISSION END ===
[11-Dec-2025 04:17:34 Europe/Berlin] === Script Started at 2025-12-11 04:17:34 ===
[11-Dec-2025 04:38:50 Europe/Berlin] === Script Started at 2025-12-11 04:38:50 ===
[11-Dec-2025 04:40:32 Europe/Berlin] === Script Started at 2025-12-11 04:40:32 ===
[11-Dec-2025 04:40:50 Europe/Berlin] === Script Started at 2025-12-11 04:40:50 ===
[11-Dec-2025 04:40:50 Europe/Berlin] === RATING SUBMISSION START ===
[11-Dec-2025 04:40:50 Europe/Berlin] POST data: Array
(
    [order_id] => 9
    [rating_7] => 2
    [quality_7] => 2
    [fit_7] => 2
    [value_7] => 2
    [review_title_7] => jhbjh
    [review_text_7] => mbh
    [recommend_7] => 1
    [submit_rating] => 
)

[11-Dec-2025 04:40:50 Europe/Berlin] FILES data: Array
(
    [rating_images_7] => Array
        (
            [name] => Array
                (
                    [0] => Letter.png
                )

            [full_path] => Array
                (
                    [0] => Letter.png
                )

            [type] => Array
                (
                    [0] => image/png
                )

            [tmp_name] => Array
                (
                    [0] => C:\xamppNEW\tmp\php708B.tmp
                )

            [error] => Array
                (
                    [0] => 0
                )

            [size] => Array
                (
                    [0] => 306441
                )

        )

)

[11-Dec-2025 04:40:50 Europe/Berlin] Processing item - order_item_id: 7
[11-Dec-2025 04:40:50 Europe/Berlin] === DETAILED DEBUG FOR ITEM 7 ===
[11-Dec-2025 04:40:50 Europe/Berlin] Existing ratings found: 1
[11-Dec-2025 04:40:50 Europe/Berlin] === RATING SUBMISSION END ===
[11-Dec-2025 04:40:50 Europe/Berlin] === Script Started at 2025-12-11 04:40:50 ===
[11-Dec-2025 04:42:36 Europe/Berlin] === Script Started at 2025-12-11 04:42:36 ===
[11-Dec-2025 04:42:48 Europe/Berlin] === Script Started at 2025-12-11 04:42:48 ===
[11-Dec-2025 04:43:02 Europe/Berlin] === Script Started at 2025-12-11 04:43:02 ===
[11-Dec-2025 04:44:22 Europe/Berlin] === Script Started at 2025-12-11 04:44:22 ===
[11-Dec-2025 04:44:25 Europe/Berlin] === Script Started at 2025-12-11 04:44:25 ===
[11-Dec-2025 04:44:33 Europe/Berlin] === Script Started at 2025-12-11 04:44:33 ===
[11-Dec-2025 04:44:37 Europe/Berlin] === Script Started at 2025-12-11 04:44:37 ===
[11-Dec-2025 04:45:45 Europe/Berlin] === Script Started at 2025-12-11 04:45:45 ===
[11-Dec-2025 04:45:49 Europe/Berlin] === Script Started at 2025-12-11 04:45:49 ===
[11-Dec-2025 04:46:50 Europe/Berlin] === Script Started at 2025-12-11 04:46:50 ===
[11-Dec-2025 04:47:01 Europe/Berlin] === Script Started at 2025-12-11 04:47:01 ===
[11-Dec-2025 04:47:20 Europe/Berlin] === Script Started at 2025-12-11 04:47:20 ===
[11-Dec-2025 04:47:27 Europe/Berlin] === Script Started at 2025-12-11 04:47:27 ===
[11-Dec-2025 04:47:45 Europe/Berlin] === Script Started at 2025-12-11 04:47:45 ===
[11-Dec-2025 04:47:52 Europe/Berlin] === Script Started at 2025-12-11 04:47:52 ===
[11-Dec-2025 04:48:12 Europe/Berlin] === Script Started at 2025-12-11 04:48:12 ===
[11-Dec-2025 04:48:18 Europe/Berlin] === Script Started at 2025-12-11 04:48:18 ===
[11-Dec-2025 04:48:41 Europe/Berlin] === Script Started at 2025-12-11 04:48:41 ===
[11-Dec-2025 04:48:41 Europe/Berlin] === RATING SUBMISSION START ===
[11-Dec-2025 04:48:41 Europe/Berlin] POST data: Array
(
    [order_id] => 11
    [rating_9] => 3
    [quality_9] => 2
    [fit_9] => 2
    [value_9] => 2
    [review_title_9] => Pokemon
    [review_text_9] => gonna catch them all
    [recommend_9] => 1
    [submit_rating] => 
)

[11-Dec-2025 04:48:41 Europe/Berlin] FILES data: Array
(
    [rating_images_9] => Array
        (
            [name] => Array
                (
                    [0] => IN1..png
                )

            [full_path] => Array
                (
                    [0] => IN1..png
                )

            [type] => Array
                (
                    [0] => image/png
                )

            [tmp_name] => Array
                (
                    [0] => C:\xamppNEW\tmp\phpA2C6.tmp
                )

            [error] => Array
                (
                    [0] => 0
                )

            [size] => Array
                (
                    [0] => 1660854
                )

        )

)

[11-Dec-2025 04:48:41 Europe/Berlin] Processing item - order_item_id: 9
[11-Dec-2025 04:48:41 Europe/Berlin] === DETAILED DEBUG FOR ITEM 9 ===
[11-Dec-2025 04:48:41 Europe/Berlin] Existing ratings found: 0
[11-Dec-2025 04:48:41 Europe/Berlin] No existing rating, proceeding...
[11-Dec-2025 04:48:41 Europe/Berlin] Rating key: rating_9
[11-Dec-2025 04:48:41 Europe/Berlin] Rating value from POST: 3
[11-Dec-2025 04:48:41 Europe/Berlin] Rating after intval: 3
[11-Dec-2025 04:48:41 Europe/Berlin] SUCCESS: Inserted rating ID: 12
[11-Dec-2025 04:48:41 Europe/Berlin] Looking for images with name: rating_images_9
[11-Dec-2025 04:48:41 Europe/Berlin] FILES array: Array
(
    [rating_images_9] => Array
        (
            [name] => Array
                (
                    [0] => IN1..png
                )

            [full_path] => Array
                (
                    [0] => IN1..png
                )

            [type] => Array
                (
                    [0] => image/png
                )

            [tmp_name] => Array
                (
                    [0] => C:\xamppNEW\tmp\phpA2C6.tmp
                )

            [error] => Array
                (
                    [0] => 0
                )

            [size] => Array
                (
                    [0] => 1660854
                )

        )

)

[11-Dec-2025 04:48:41 Europe/Berlin] Found images for rating_images_9
[11-Dec-2025 04:48:41 Europe/Berlin] File array structure: Array
(
    [name] => Array
        (
            [0] => IN1..png
        )

    [full_path] => Array
        (
            [0] => IN1..png
        )

    [type] => Array
        (
            [0] => image/png
        )

    [tmp_name] => Array
        (
            [0] => C:\xamppNEW\tmp\phpA2C6.tmp
        )

    [error] => Array
        (
            [0] => 0
        )

    [size] => Array
        (
            [0] => 1660854
        )

)

[11-Dec-2025 04:48:41 Europe/Berlin] Found 1 images to upload
[11-Dec-2025 04:48:41 Europe/Berlin] Processing image 0
[11-Dec-2025 04:48:41 Europe/Berlin] Upload error code: 0
[11-Dec-2025 04:48:41 Europe/Berlin] File: IN1..png, Size: 1660854, Type: image/png
[11-Dec-2025 04:48:41 Europe/Berlin] Attempting to move file to: ratingimages/693a3f19d5453_1765424921_0.png
[11-Dec-2025 04:48:41 Europe/Berlin] SUCCESS: File moved to ratingimages/693a3f19d5453_1765424921_0.png
[11-Dec-2025 04:48:42 Europe/Berlin] SUCCESS: Thumbnail created at ratingimages/thumbnails/thumb_693a3f19d5453_1765424921_0.png
[11-Dec-2025 04:48:42 Europe/Berlin] === IMAGE INSERT DEBUG ===
[11-Dec-2025 04:48:42 Europe/Berlin] Rating ID: 12
[11-Dec-2025 04:48:42 Europe/Berlin] Upload Path: ratingimages/693a3f19d5453_1765424921_0.png
[11-Dec-2025 04:48:42 Europe/Berlin] Thumbnail Path: ratingimages/thumbnails/thumb_693a3f19d5453_1765424921_0.png
[11-Dec-2025 04:48:42 Europe/Berlin] File Name: IN1..png
[11-Dec-2025 04:48:42 Europe/Berlin] File Size: 1660854
[11-Dec-2025 04:48:42 Europe/Berlin] File Type: image/png
[11-Dec-2025 04:48:42 Europe/Berlin] Image Order: 1
[11-Dec-2025 04:48:42 Europe/Berlin] SUCCESS: Image record inserted into database with ID: 7
[11-Dec-2025 04:48:42 Europe/Berlin] Verification - Rows found: 1
[11-Dec-2025 04:48:42 Europe/Berlin] === RATING SUBMISSION END ===
[11-Dec-2025 04:48:42 Europe/Berlin] === Script Started at 2025-12-11 04:48:42 ===
[11-Dec-2025 04:48:48 Europe/Berlin] === Script Started at 2025-12-11 04:48:48 ===
[11-Dec-2025 04:48:53 Europe/Berlin] === Script Started at 2025-12-11 04:48:53 ===
[11-Dec-2025 04:49:15 Europe/Berlin] === Script Started at 2025-12-11 04:49:15 ===
[11-Dec-2025 04:49:15 Europe/Berlin] Error fetching orders: You have an error in your SQL syntax; check the manual that corresponds to your MariaDB server version for the right syntax to use near ''completed)' at line 3
[11-Dec-2025 04:49:19 Europe/Berlin] === Script Started at 2025-12-11 04:49:19 ===
[11-Dec-2025 04:49:19 Europe/Berlin] Error fetching orders: You have an error in your SQL syntax; check the manual that corresponds to your MariaDB server version for the right syntax to use near ''completed)' at line 3
[11-Dec-2025 04:49:23 Europe/Berlin] === Script Started at 2025-12-11 04:49:23 ===
[11-Dec-2025 04:49:23 Europe/Berlin] Error fetching orders: You have an error in your SQL syntax; check the manual that corresponds to your MariaDB server version for the right syntax to use near ''completed)' at line 3
[11-Dec-2025 04:49:30 Europe/Berlin] === Script Started at 2025-12-11 04:49:30 ===
[11-Dec-2025 04:49:34 Europe/Berlin] === Script Started at 2025-12-11 04:49:34 ===
[11-Dec-2025 04:49:51 Europe/Berlin] === Script Started at 2025-12-11 04:49:51 ===
[11-Dec-2025 04:50:19 Europe/Berlin] === Script Started at 2025-12-11 04:50:19 ===
[11-Dec-2025 04:50:19 Europe/Berlin] === RATING SUBMISSION START ===
[11-Dec-2025 04:50:19 Europe/Berlin] POST data: Array
(
    [order_id] => 8
    [rating_6] => 3
    [quality_6] => 2
    [fit_6] => 2
    [value_6] => 2
    [review_title_6] => Puking may tahi
    [review_text_6] => ughh ughh ughh
    [recommend_6] => 1
    [submit_rating] => 
)

[11-Dec-2025 04:50:19 Europe/Berlin] FILES data: Array
(
    [rating_images_6] => Array
        (
            [name] => Array
                (
                    [0] => Untitled design.png
                )

            [full_path] => Array
                (
                    [0] => Untitled design.png
                )

            [type] => Array
                (
                    [0] => image/png
                )

            [tmp_name] => Array
                (
                    [0] => C:\xamppNEW\tmp\php208D.tmp
                )

            [error] => Array
                (
                    [0] => 0
                )

            [size] => Array
                (
                    [0] => 15622
                )

        )

)

[11-Dec-2025 04:50:19 Europe/Berlin] Processing item - order_item_id: 6
[11-Dec-2025 04:50:19 Europe/Berlin] === DETAILED DEBUG FOR ITEM 6 ===
[11-Dec-2025 04:50:19 Europe/Berlin] Existing ratings found: 0
[11-Dec-2025 04:50:19 Europe/Berlin] No existing rating, proceeding...
[11-Dec-2025 04:50:19 Europe/Berlin] Rating key: rating_6
[11-Dec-2025 04:50:19 Europe/Berlin] Rating value from POST: 3
[11-Dec-2025 04:50:19 Europe/Berlin] Rating after intval: 3
[11-Dec-2025 04:50:19 Europe/Berlin] SUCCESS: Inserted rating ID: 13
[11-Dec-2025 04:50:19 Europe/Berlin] Looking for images with name: rating_images_6
[11-Dec-2025 04:50:19 Europe/Berlin] FILES array: Array
(
    [rating_images_6] => Array
        (
            [name] => Array
                (
                    [0] => Untitled design.png
                )

            [full_path] => Array
                (
                    [0] => Untitled design.png
                )

            [type] => Array
                (
                    [0] => image/png
                )

            [tmp_name] => Array
                (
                    [0] => C:\xamppNEW\tmp\php208D.tmp
                )

            [error] => Array
                (
                    [0] => 0
                )

            [size] => Array
                (
                    [0] => 15622
                )

        )

)

[11-Dec-2025 04:50:19 Europe/Berlin] Found images for rating_images_6
[11-Dec-2025 04:50:19 Europe/Berlin] File array structure: Array
(
    [name] => Array
        (
            [0] => Untitled design.png
        )

    [full_path] => Array
        (
            [0] => Untitled design.png
        )

    [type] => Array
        (
            [0] => image/png
        )

    [tmp_name] => Array
        (
            [0] => C:\xamppNEW\tmp\php208D.tmp
        )

    [error] => Array
        (
            [0] => 0
        )

    [size] => Array
        (
            [0] => 15622
        )

)

[11-Dec-2025 04:50:19 Europe/Berlin] Found 1 images to upload
[11-Dec-2025 04:50:19 Europe/Berlin] Processing image 0
[11-Dec-2025 04:50:19 Europe/Berlin] Upload error code: 0
[11-Dec-2025 04:50:19 Europe/Berlin] File: Untitled design.png, Size: 15622, Type: image/png
[11-Dec-2025 04:50:19 Europe/Berlin] Attempting to move file to: ratingimages/693a3f7b942a1_1765425019_0.png
[11-Dec-2025 04:50:19 Europe/Berlin] SUCCESS: File moved to ratingimages/693a3f7b942a1_1765425019_0.png
[11-Dec-2025 04:50:19 Europe/Berlin] SUCCESS: Thumbnail created at ratingimages/thumbnails/thumb_693a3f7b942a1_1765425019_0.png
[11-Dec-2025 04:50:19 Europe/Berlin] === IMAGE INSERT DEBUG ===
[11-Dec-2025 04:50:19 Europe/Berlin] Rating ID: 13
[11-Dec-2025 04:50:19 Europe/Berlin] Upload Path: ratingimages/693a3f7b942a1_1765425019_0.png
[11-Dec-2025 04:50:19 Europe/Berlin] Thumbnail Path: ratingimages/thumbnails/thumb_693a3f7b942a1_1765425019_0.png
[11-Dec-2025 04:50:19 Europe/Berlin] File Name: Untitled design.png
[11-Dec-2025 04:50:19 Europe/Berlin] File Size: 15622
[11-Dec-2025 04:50:19 Europe/Berlin] File Type: image/png
[11-Dec-2025 04:50:19 Europe/Berlin] Image Order: 1
[11-Dec-2025 04:50:19 Europe/Berlin] SUCCESS: Image record inserted into database with ID: 8
[11-Dec-2025 04:50:19 Europe/Berlin] Verification - Rows found: 1
[11-Dec-2025 04:50:19 Europe/Berlin] === RATING SUBMISSION END ===
[11-Dec-2025 04:50:19 Europe/Berlin] === Script Started at 2025-12-11 04:50:19 ===
[11-Dec-2025 04:51:35 Europe/Berlin] === Script Started at 2025-12-11 04:51:35 ===
[11-Dec-2025 04:52:31 Europe/Berlin] === Script Started at 2025-12-11 04:52:31 ===
[11-Dec-2025 04:52:48 Europe/Berlin] === Script Started at 2025-12-11 04:52:48 ===
[11-Dec-2025 04:53:53 Europe/Berlin] === Script Started at 2025-12-11 04:53:53 ===
[11-Dec-2025 04:54:56 Europe/Berlin] === Script Started at 2025-12-11 04:54:56 ===
[11-Dec-2025 04:54:59 Europe/Berlin] === Script Started at 2025-12-11 04:54:59 ===
[11-Dec-2025 04:55:57 Europe/Berlin] === Script Started at 2025-12-11 04:55:57 ===
[11-Dec-2025 04:56:37 Europe/Berlin] === Script Started at 2025-12-11 04:56:37 ===
[11-Dec-2025 05:02:07 Europe/Berlin] === Script Started at 2025-12-11 05:02:07 ===
[11-Dec-2025 05:03:52 Europe/Berlin] === Script Started at 2025-12-11 05:03:52 ===
[11-Dec-2025 05:03:53 Europe/Berlin] === Script Started at 2025-12-11 05:03:53 ===
[11-Dec-2025 05:04:07 Europe/Berlin] === Script Started at 2025-12-11 05:04:07 ===
[11-Dec-2025 05:08:51 Europe/Berlin] === Script Started at 2025-12-11 05:08:51 ===
[11-Dec-2025 05:09:12 Europe/Berlin] === Script Started at 2025-12-11 05:09:12 ===
[11-Dec-2025 05:09:25 Europe/Berlin] === Script Started at 2025-12-11 05:09:25 ===
[11-Dec-2025 05:09:33 Europe/Berlin] === Script Started at 2025-12-11 05:09:33 ===
[11-Dec-2025 05:09:57 Europe/Berlin] === Script Started at 2025-12-11 05:09:57 ===
[11-Dec-2025 05:09:57 Europe/Berlin] === RATING SUBMISSION START ===
[11-Dec-2025 05:09:57 Europe/Berlin] POST data: Array
(
    [order_id] => 10
    [rating_8] => 3
    [quality_8] => 3
    [fit_8] => 3
    [value_8] => 3
    [review_title_8] => Balut
    [review_text_8] => urghhh
    [recommend_8] => 1
    [submit_rating] => 
)

[11-Dec-2025 05:09:57 Europe/Berlin] FILES data: Array
(
    [rating_images_8] => Array
        (
            [name] => Array
                (
                    [0] => 553587746_1192345669610038_1559408320993563373_n.jpg
                )

            [full_path] => Array
                (
                    [0] => 553587746_1192345669610038_1559408320993563373_n.jpg
                )

            [type] => Array
                (
                    [0] => image/jpeg
                )

            [tmp_name] => Array
                (
                    [0] => C:\xamppNEW\tmp\php18A7.tmp
                )

            [error] => Array
                (
                    [0] => 0
                )

            [size] => Array
                (
                    [0] => 14756
                )

        )

)

[11-Dec-2025 05:09:57 Europe/Berlin] Processing item - order_item_id: 8
[11-Dec-2025 05:09:57 Europe/Berlin] === DETAILED DEBUG FOR ITEM 8 ===
[11-Dec-2025 05:09:57 Europe/Berlin] Existing ratings found: 0
[11-Dec-2025 05:09:57 Europe/Berlin] No existing rating, proceeding...
[11-Dec-2025 05:09:57 Europe/Berlin] Rating key: rating_8
[11-Dec-2025 05:09:57 Europe/Berlin] Rating value from POST: 3
[11-Dec-2025 05:09:57 Europe/Berlin] Rating after intval: 3
[11-Dec-2025 05:09:57 Europe/Berlin] SUCCESS: Inserted rating ID: 14
[11-Dec-2025 05:09:57 Europe/Berlin] Looking for images with name: rating_images_8
[11-Dec-2025 05:09:57 Europe/Berlin] FILES array: Array
(
    [rating_images_8] => Array
        (
            [name] => Array
                (
                    [0] => 553587746_1192345669610038_1559408320993563373_n.jpg
                )

            [full_path] => Array
                (
                    [0] => 553587746_1192345669610038_1559408320993563373_n.jpg
                )

            [type] => Array
                (
                    [0] => image/jpeg
                )

            [tmp_name] => Array
                (
                    [0] => C:\xamppNEW\tmp\php18A7.tmp
                )

            [error] => Array
                (
                    [0] => 0
                )

            [size] => Array
                (
                    [0] => 14756
                )

        )

)

[11-Dec-2025 05:09:57 Europe/Berlin] Found images for rating_images_8
[11-Dec-2025 05:09:57 Europe/Berlin] File array structure: Array
(
    [name] => Array
        (
            [0] => 553587746_1192345669610038_1559408320993563373_n.jpg
        )

    [full_path] => Array
        (
            [0] => 553587746_1192345669610038_1559408320993563373_n.jpg
        )

    [type] => Array
        (
            [0] => image/jpeg
        )

    [tmp_name] => Array
        (
            [0] => C:\xamppNEW\tmp\php18A7.tmp
        )

    [error] => Array
        (
            [0] => 0
        )

    [size] => Array
        (
            [0] => 14756
        )

)

[11-Dec-2025 05:09:57 Europe/Berlin] Found 1 images to upload
[11-Dec-2025 05:09:57 Europe/Berlin] Processing image 0
[11-Dec-2025 05:09:57 Europe/Berlin] Upload error code: 0
[11-Dec-2025 05:09:57 Europe/Berlin] File: 553587746_1192345669610038_1559408320993563373_n.jpg, Size: 14756, Type: image/jpeg
[11-Dec-2025 05:09:57 Europe/Berlin] Attempting to move file to: ratingimages/693a441539116_1765426197_0.jpg
[11-Dec-2025 05:09:57 Europe/Berlin] SUCCESS: File moved to ratingimages/693a441539116_1765426197_0.jpg
[11-Dec-2025 05:09:57 Europe/Berlin] SUCCESS: Thumbnail created at ratingimages/thumbnails/thumb_693a441539116_1765426197_0.jpg
[11-Dec-2025 05:09:57 Europe/Berlin] === IMAGE INSERT DEBUG ===
[11-Dec-2025 05:09:57 Europe/Berlin] Rating ID: 14
[11-Dec-2025 05:09:57 Europe/Berlin] Upload Path: ratingimages/693a441539116_1765426197_0.jpg
[11-Dec-2025 05:09:57 Europe/Berlin] Thumbnail Path: ratingimages/thumbnails/thumb_693a441539116_1765426197_0.jpg
[11-Dec-2025 05:09:57 Europe/Berlin] File Name: 553587746_1192345669610038_1559408320993563373_n.jpg
[11-Dec-2025 05:09:57 Europe/Berlin] File Size: 14756
[11-Dec-2025 05:09:57 Europe/Berlin] File Type: image/jpeg
[11-Dec-2025 05:09:57 Europe/Berlin] Image Order: 1
[11-Dec-2025 05:09:57 Europe/Berlin] SUCCESS: Image record inserted into database with ID: 9
[11-Dec-2025 05:09:57 Europe/Berlin] Verification - Rows found: 1
[11-Dec-2025 05:09:57 Europe/Berlin] === RATING SUBMISSION END ===
[11-Dec-2025 05:09:57 Europe/Berlin] === Script Started at 2025-12-11 05:09:57 ===
[11-Dec-2025 05:11:45 Europe/Berlin] === Script Started at 2025-12-11 05:11:45 ===
[11-Dec-2025 05:12:01 Europe/Berlin] === Script Started at 2025-12-11 05:12:01 ===
[11-Dec-2025 05:14:19 Europe/Berlin] === Script Started at 2025-12-11 05:14:19 ===
[11-Dec-2025 05:15:20 Europe/Berlin] === Script Started at 2025-12-11 05:15:20 ===
[11-Dec-2025 05:15:44 Europe/Berlin] === Script Started at 2025-12-11 05:15:44 ===
[11-Dec-2025 05:16:03 Europe/Berlin] === Script Started at 2025-12-11 05:16:03 ===
[11-Dec-2025 05:16:29 Europe/Berlin] === Script Started at 2025-12-11 05:16:29 ===
[11-Dec-2025 05:16:38 Europe/Berlin] === Script Started at 2025-12-11 05:16:38 ===
[11-Dec-2025 05:16:44 Europe/Berlin] === Script Started at 2025-12-11 05:16:44 ===
[11-Dec-2025 05:17:52 Europe/Berlin] === Script Started at 2025-12-11 05:17:52 ===
[11-Dec-2025 05:18:07 Europe/Berlin] === Script Started at 2025-12-11 05:18:07 ===
[11-Dec-2025 05:18:24 Europe/Berlin] === Script Started at 2025-12-11 05:18:24 ===
[11-Dec-2025 05:21:26 Europe/Berlin] === Script Started at 2025-12-11 05:21:26 ===
<<<<<<< HEAD
[11-Dec-2025 05:24:35 Europe/Berlin] === Script Started at 2025-12-11 05:24:35 ===
[11-Dec-2025 05:24:48 Europe/Berlin] === Script Started at 2025-12-11 05:24:48 ===
[11-Dec-2025 05:24:51 Europe/Berlin] === Script Started at 2025-12-11 05:24:51 ===
[11-Dec-2025 05:24:54 Europe/Berlin] === Script Started at 2025-12-11 05:24:54 ===
[11-Dec-2025 05:25:44 Europe/Berlin] === Script Started at 2025-12-11 05:25:44 ===
[11-Dec-2025 05:25:53 Europe/Berlin] === Script Started at 2025-12-11 05:25:53 ===
=======
[12-Dec-2025 03:18:42 Europe/Berlin] === Script Started at 2025-12-12 03:18:42 ===
>>>>>>> 906c6d0769da940294ccec30365b7d9a61f5b735
[12-Dec-2025 03:31:26 Europe/Berlin] === Script Started at 2025-12-12 03:31:26 ===
[12-Dec-2025 08:36:30 Europe/Berlin] === Script Started at 2025-12-12 08:36:30 ===
[12-Dec-2025 08:36:35 Europe/Berlin] === Script Started at 2025-12-12 08:36:35 ===
[12-Dec-2025 08:36:38 Europe/Berlin] === Script Started at 2025-12-12 08:36:38 ===
[12-Dec-2025 09:47:34 Europe/Berlin] === Script Started at 2025-12-12 09:47:34 ===
[12-Dec-2025 09:48:41 Europe/Berlin] === Script Started at 2025-12-12 09:48:41 ===
[14-Dec-2025 16:30:29 Europe/Berlin] === Script Started at 2025-12-14 16:30:29 ===
[14-Dec-2025 16:36:13 Europe/Berlin] === Script Started at 2025-12-14 16:36:13 ===
[14-Dec-2025 16:51:57 Europe/Berlin] === Script Started at 2025-12-14 16:51:57 ===
[14-Dec-2025 16:52:29 Europe/Berlin] === Script Started at 2025-12-14 16:52:29 ===
[14-Dec-2025 16:52:46 Europe/Berlin] === Script Started at 2025-12-14 16:52:46 ===
[14-Dec-2025 16:53:28 Europe/Berlin] === Script Started at 2025-12-14 16:53:28 ===
[14-Dec-2025 16:53:58 Europe/Berlin] === Script Started at 2025-12-14 16:53:58 ===
[14-Dec-2025 17:04:22 Europe/Berlin] === Script Started at 2025-12-14 17:04:22 ===
[14-Dec-2025 17:13:49 Europe/Berlin] === Script Started at 2025-12-14 17:13:49 ===
[14-Dec-2025 17:13:55 Europe/Berlin] === Script Started at 2025-12-14 17:13:55 ===
[14-Dec-2025 17:13:56 Europe/Berlin] === Script Started at 2025-12-14 17:13:56 ===
[14-Dec-2025 17:14:24 Europe/Berlin] === Script Started at 2025-12-14 17:14:24 ===
[14-Dec-2025 17:14:24 Europe/Berlin] === RATING SUBMISSION START ===
[14-Dec-2025 17:14:24 Europe/Berlin] POST data: Array
(
    [order_id] => 18
    [rating_16] => 2
    [quality_16] => 2
    [fit_16] => 2
    [value_16] => 2
    [review_title_16] => 
    [review_text_16] => 
    [recommend_16] => 1
    [submit_rating] => 
)

[14-Dec-2025 17:14:24 Europe/Berlin] FILES data: Array
(
    [rating_images_16] => Array
        (
            [name] => Array
                (
                    [0] => 525710070_730633292936362_2506937323371925193_n.jpg
                )

            [full_path] => Array
                (
                    [0] => 525710070_730633292936362_2506937323371925193_n.jpg
                )

            [type] => Array
                (
                    [0] => image/jpeg
                )

            [tmp_name] => Array
                (
                    [0] => C:\xamppNEW\tmp\php6B1B.tmp
                )

            [error] => Array
                (
                    [0] => 0
                )

            [size] => Array
                (
                    [0] => 23509
                )

        )

)

[14-Dec-2025 17:14:24 Europe/Berlin] Processing item - order_item_id: 16
[14-Dec-2025 17:14:24 Europe/Berlin] === DETAILED DEBUG FOR ITEM 16 ===
[14-Dec-2025 17:14:24 Europe/Berlin] Existing ratings found: 0
[14-Dec-2025 17:14:24 Europe/Berlin] No existing rating, proceeding...
[14-Dec-2025 17:14:24 Europe/Berlin] Rating key: rating_16
[14-Dec-2025 17:14:24 Europe/Berlin] Rating value from POST: 2
[14-Dec-2025 17:14:24 Europe/Berlin] Rating after intval: 2
[14-Dec-2025 17:14:24 Europe/Berlin] SUCCESS: Inserted rating ID: 15
[14-Dec-2025 17:14:24 Europe/Berlin] Looking for images with name: rating_images_16
[14-Dec-2025 17:14:24 Europe/Berlin] FILES array: Array
(
    [rating_images_16] => Array
        (
            [name] => Array
                (
                    [0] => 525710070_730633292936362_2506937323371925193_n.jpg
                )

            [full_path] => Array
                (
                    [0] => 525710070_730633292936362_2506937323371925193_n.jpg
                )

            [type] => Array
                (
                    [0] => image/jpeg
                )

            [tmp_name] => Array
                (
                    [0] => C:\xamppNEW\tmp\php6B1B.tmp
                )

            [error] => Array
                (
                    [0] => 0
                )

            [size] => Array
                (
                    [0] => 23509
                )

        )

)

[14-Dec-2025 17:14:24 Europe/Berlin] Found images for rating_images_16
[14-Dec-2025 17:14:24 Europe/Berlin] File array structure: Array
(
    [name] => Array
        (
            [0] => 525710070_730633292936362_2506937323371925193_n.jpg
        )

    [full_path] => Array
        (
            [0] => 525710070_730633292936362_2506937323371925193_n.jpg
        )

    [type] => Array
        (
            [0] => image/jpeg
        )

    [tmp_name] => Array
        (
            [0] => C:\xamppNEW\tmp\php6B1B.tmp
        )

    [error] => Array
        (
            [0] => 0
        )

    [size] => Array
        (
            [0] => 23509
        )

)

[14-Dec-2025 17:14:24 Europe/Berlin] Found 1 images to upload
[14-Dec-2025 17:14:24 Europe/Berlin] Processing image 0
[14-Dec-2025 17:14:24 Europe/Berlin] Upload error code: 0
[14-Dec-2025 17:14:24 Europe/Berlin] File: 525710070_730633292936362_2506937323371925193_n.jpg, Size: 23509, Type: image/jpeg
[14-Dec-2025 17:14:24 Europe/Berlin] Attempting to move file to: ratingimages/693ee260d6e77_1765728864_0.jpg
[14-Dec-2025 17:14:24 Europe/Berlin] SUCCESS: File moved to ratingimages/693ee260d6e77_1765728864_0.jpg
[14-Dec-2025 17:14:24 Europe/Berlin] SUCCESS: Thumbnail created at ratingimages/thumbnails/thumb_693ee260d6e77_1765728864_0.jpg
[14-Dec-2025 17:14:24 Europe/Berlin] === IMAGE INSERT DEBUG ===
[14-Dec-2025 17:14:24 Europe/Berlin] Rating ID: 15
[14-Dec-2025 17:14:24 Europe/Berlin] Upload Path: ratingimages/693ee260d6e77_1765728864_0.jpg
[14-Dec-2025 17:14:24 Europe/Berlin] Thumbnail Path: ratingimages/thumbnails/thumb_693ee260d6e77_1765728864_0.jpg
[14-Dec-2025 17:14:24 Europe/Berlin] File Name: 525710070_730633292936362_2506937323371925193_n.jpg
[14-Dec-2025 17:14:24 Europe/Berlin] File Size: 23509
[14-Dec-2025 17:14:24 Europe/Berlin] File Type: image/jpeg
[14-Dec-2025 17:14:24 Europe/Berlin] Image Order: 1
[14-Dec-2025 17:14:24 Europe/Berlin] SUCCESS: Image record inserted into database with ID: 10
[14-Dec-2025 17:14:24 Europe/Berlin] Verification - Rows found: 1
[14-Dec-2025 17:14:24 Europe/Berlin] === RATING SUBMISSION END ===
[14-Dec-2025 17:14:24 Europe/Berlin] === Script Started at 2025-12-14 17:14:24 ===
[16-Dec-2025 02:50:53 Europe/Berlin] === Script Started at 2025-12-16 02:50:53 ===
[16-Dec-2025 02:57:34 Europe/Berlin] === Script Started at 2025-12-16 02:57:34 ===
[16-Dec-2025 02:58:29 Europe/Berlin] === Script Started at 2025-12-16 02:58:29 ===
[16-Dec-2025 02:59:11 Europe/Berlin] === Script Started at 2025-12-16 02:59:11 ===
[16-Dec-2025 02:59:46 Europe/Berlin] === Script Started at 2025-12-16 02:59:46 ===
[16-Dec-2025 03:00:16 Europe/Berlin] === Script Started at 2025-12-16 03:00:16 ===
[16-Dec-2025 03:20:12 Europe/Berlin] === Script Started at 2025-12-16 03:20:12 ===
[16-Dec-2025 03:20:36 Europe/Berlin] === Script Started at 2025-12-16 03:20:36 ===
[16-Dec-2025 03:21:08 Europe/Berlin] === Script Started at 2025-12-16 03:21:08 ===
[16-Dec-2025 03:23:27 Europe/Berlin] === Script Started at 2025-12-16 03:23:27 ===
[16-Dec-2025 03:23:31 Europe/Berlin] === Script Started at 2025-12-16 03:23:31 ===
[16-Dec-2025 03:23:31 Europe/Berlin] === Script Started at 2025-12-16 03:23:31 ===
[16-Dec-2025 03:46:19 Europe/Berlin] === Script Started at 2025-12-16 03:46:19 ===
[16-Dec-2025 03:46:25 Europe/Berlin] === Script Started at 2025-12-16 03:46:25 ===
[16-Dec-2025 03:46:25 Europe/Berlin] === Script Started at 2025-12-16 03:46:25 ===
[16-Dec-2025 03:47:03 Europe/Berlin] === Script Started at 2025-12-16 03:47:03 ===
[16-Dec-2025 03:47:13 Europe/Berlin] === Script Started at 2025-12-16 03:47:13 ===
[16-Dec-2025 03:47:13 Europe/Berlin] === Script Started at 2025-12-16 03:47:13 ===
[16-Dec-2025 04:18:02 Europe/Berlin] === Script Started at 2025-12-16 04:18:02 ===
[16-Dec-2025 04:18:57 Europe/Berlin] === Script Started at 2025-12-16 04:18:57 ===
[16-Dec-2025 04:20:06 Europe/Berlin] === Script Started at 2025-12-16 04:20:06 ===
[16-Dec-2025 04:20:48 Europe/Berlin] === Script Started at 2025-12-16 04:20:48 ===
[16-Dec-2025 04:20:51 Europe/Berlin] === Script Started at 2025-12-16 04:20:51 ===
[16-Dec-2025 04:20:51 Europe/Berlin] === Script Started at 2025-12-16 04:20:51 ===
[16-Dec-2025 04:21:02 Europe/Berlin] === Script Started at 2025-12-16 04:21:02 ===
[16-Dec-2025 04:21:02 Europe/Berlin] === Script Started at 2025-12-16 04:21:02 ===
[16-Dec-2025 04:21:06 Europe/Berlin] === Script Started at 2025-12-16 04:21:06 ===
[16-Dec-2025 04:21:06 Europe/Berlin] === Script Started at 2025-12-16 04:21:06 ===
[16-Dec-2025 04:21:49 Europe/Berlin] === Script Started at 2025-12-16 04:21:49 ===
[16-Dec-2025 04:21:49 Europe/Berlin] === RATING SUBMISSION START ===
[16-Dec-2025 04:21:49 Europe/Berlin] POST data: Array
(
    [order_id] => 21
    [rating_20] => 4
    [quality_20] => 3
    [fit_20] => 2
    [value_20] => 1
    [review_title_20] => Titeng may tahi
    [review_text_20] => sobrang sarap
    [recommend_20] => 1
    [submit_rating] => 
)

[16-Dec-2025 04:21:49 Europe/Berlin] FILES data: Array
(
    [rating_images_20] => Array
        (
            [name] => Array
                (
                    [0] => Lulu in a bag (3).png
                    [1] => Lulu in a bag (2).png
                    [2] => Lulu in a bag (1).png
                    [3] => IMC Five Projects.png
                )

            [full_path] => Array
                (
                    [0] => Lulu in a bag (3).png
                    [1] => Lulu in a bag (2).png
                    [2] => Lulu in a bag (1).png
                    [3] => IMC Five Projects.png
                )

            [type] => Array
                (
                    [0] => image/png
                    [1] => image/png
                    [2] => image/png
                    [3] => image/png
                )

            [tmp_name] => Array
                (
                    [0] => C:\xamppNEW\tmp\phpCE23.tmp
                    [1] => C:\xamppNEW\tmp\phpCE34.tmp
                    [2] => C:\xamppNEW\tmp\phpCE35.tmp
                    [3] => C:\xamppNEW\tmp\phpCE75.tmp
                )

            [error] => Array
                (
                    [0] => 0
                    [1] => 0
                    [2] => 0
                    [3] => 0
                )

            [size] => Array
                (
                    [0] => 50242
                    [1] => 64288
                    [2] => 3047337
                    [3] => 887367
                )

        )

)

[16-Dec-2025 04:21:49 Europe/Berlin] Processing item - order_item_id: 20
[16-Dec-2025 04:21:49 Europe/Berlin] === DETAILED DEBUG FOR ITEM 20 ===
[16-Dec-2025 04:21:49 Europe/Berlin] Existing ratings found: 0
[16-Dec-2025 04:21:49 Europe/Berlin] No existing rating, proceeding...
[16-Dec-2025 04:21:49 Europe/Berlin] Rating key: rating_20
[16-Dec-2025 04:21:49 Europe/Berlin] Rating value from POST: 4
[16-Dec-2025 04:21:49 Europe/Berlin] Rating after intval: 4
[16-Dec-2025 04:21:49 Europe/Berlin] SUCCESS: Inserted rating ID: 12
[16-Dec-2025 04:21:49 Europe/Berlin] Looking for images with name: rating_images_20
[16-Dec-2025 04:21:49 Europe/Berlin] FILES array: Array
(
    [rating_images_20] => Array
        (
            [name] => Array
                (
                    [0] => Lulu in a bag (3).png
                    [1] => Lulu in a bag (2).png
                    [2] => Lulu in a bag (1).png
                    [3] => IMC Five Projects.png
                )

            [full_path] => Array
                (
                    [0] => Lulu in a bag (3).png
                    [1] => Lulu in a bag (2).png
                    [2] => Lulu in a bag (1).png
                    [3] => IMC Five Projects.png
                )

            [type] => Array
                (
                    [0] => image/png
                    [1] => image/png
                    [2] => image/png
                    [3] => image/png
                )

            [tmp_name] => Array
                (
                    [0] => C:\xamppNEW\tmp\phpCE23.tmp
                    [1] => C:\xamppNEW\tmp\phpCE34.tmp
                    [2] => C:\xamppNEW\tmp\phpCE35.tmp
                    [3] => C:\xamppNEW\tmp\phpCE75.tmp
                )

            [error] => Array
                (
                    [0] => 0
                    [1] => 0
                    [2] => 0
                    [3] => 0
                )

            [size] => Array
                (
                    [0] => 50242
                    [1] => 64288
                    [2] => 3047337
                    [3] => 887367
                )

        )

)

[16-Dec-2025 04:21:49 Europe/Berlin] Found images for rating_images_20
[16-Dec-2025 04:21:49 Europe/Berlin] File array structure: Array
(
    [name] => Array
        (
            [0] => Lulu in a bag (3).png
            [1] => Lulu in a bag (2).png
            [2] => Lulu in a bag (1).png
            [3] => IMC Five Projects.png
        )

    [full_path] => Array
        (
            [0] => Lulu in a bag (3).png
            [1] => Lulu in a bag (2).png
            [2] => Lulu in a bag (1).png
            [3] => IMC Five Projects.png
        )

    [type] => Array
        (
            [0] => image/png
            [1] => image/png
            [2] => image/png
            [3] => image/png
        )

    [tmp_name] => Array
        (
            [0] => C:\xamppNEW\tmp\phpCE23.tmp
            [1] => C:\xamppNEW\tmp\phpCE34.tmp
            [2] => C:\xamppNEW\tmp\phpCE35.tmp
            [3] => C:\xamppNEW\tmp\phpCE75.tmp
        )

    [error] => Array
        (
            [0] => 0
            [1] => 0
            [2] => 0
            [3] => 0
        )

    [size] => Array
        (
            [0] => 50242
            [1] => 64288
            [2] => 3047337
            [3] => 887367
        )

)

[16-Dec-2025 04:21:49 Europe/Berlin] Found 4 images to upload
[16-Dec-2025 04:21:49 Europe/Berlin] Processing image 0
[16-Dec-2025 04:21:49 Europe/Berlin] Upload error code: 0
[16-Dec-2025 04:21:49 Europe/Berlin] File: Lulu in a bag (3).png, Size: 50242, Type: image/png
[16-Dec-2025 04:21:49 Europe/Berlin] Attempting to move file to: ratingimages/6940d04d3c0b0_1765855309_0.png
[16-Dec-2025 04:21:49 Europe/Berlin] SUCCESS: File moved to ratingimages/6940d04d3c0b0_1765855309_0.png
[16-Dec-2025 04:21:49 Europe/Berlin] SUCCESS: Thumbnail created at ratingimages/thumbnails/thumb_6940d04d3c0b0_1765855309_0.png
[16-Dec-2025 04:21:49 Europe/Berlin] === IMAGE INSERT DEBUG ===
[16-Dec-2025 04:21:49 Europe/Berlin] Rating ID: 12
[16-Dec-2025 04:21:49 Europe/Berlin] Upload Path: ratingimages/6940d04d3c0b0_1765855309_0.png
[16-Dec-2025 04:21:49 Europe/Berlin] Thumbnail Path: ratingimages/thumbnails/thumb_6940d04d3c0b0_1765855309_0.png
[16-Dec-2025 04:21:49 Europe/Berlin] File Name: Lulu in a bag (3).png
[16-Dec-2025 04:21:49 Europe/Berlin] File Size: 50242
[16-Dec-2025 04:21:49 Europe/Berlin] File Type: image/png
[16-Dec-2025 04:21:49 Europe/Berlin] Image Order: 1
[16-Dec-2025 04:21:49 Europe/Berlin] SUCCESS: Image record inserted into database with ID: 3
[16-Dec-2025 04:21:49 Europe/Berlin] Verification - Rows found: 1
[16-Dec-2025 04:21:49 Europe/Berlin] Processing image 1
[16-Dec-2025 04:21:49 Europe/Berlin] Upload error code: 0
[16-Dec-2025 04:21:49 Europe/Berlin] File: Lulu in a bag (2).png, Size: 64288, Type: image/png
[16-Dec-2025 04:21:49 Europe/Berlin] Attempting to move file to: ratingimages/6940d04d99308_1765855309_1.png
[16-Dec-2025 04:21:49 Europe/Berlin] SUCCESS: File moved to ratingimages/6940d04d99308_1765855309_1.png
[16-Dec-2025 04:21:49 Europe/Berlin] SUCCESS: Thumbnail created at ratingimages/thumbnails/thumb_6940d04d99308_1765855309_1.png
[16-Dec-2025 04:21:49 Europe/Berlin] === IMAGE INSERT DEBUG ===
[16-Dec-2025 04:21:49 Europe/Berlin] Rating ID: 12
[16-Dec-2025 04:21:49 Europe/Berlin] Upload Path: ratingimages/6940d04d99308_1765855309_1.png
[16-Dec-2025 04:21:49 Europe/Berlin] Thumbnail Path: ratingimages/thumbnails/thumb_6940d04d99308_1765855309_1.png
[16-Dec-2025 04:21:49 Europe/Berlin] File Name: Lulu in a bag (2).png
[16-Dec-2025 04:21:49 Europe/Berlin] File Size: 64288
[16-Dec-2025 04:21:50 Europe/Berlin] File Type: image/png
[16-Dec-2025 04:21:50 Europe/Berlin] Image Order: 2
[16-Dec-2025 04:21:50 Europe/Berlin] SUCCESS: Image record inserted into database with ID: 4
[16-Dec-2025 04:21:50 Europe/Berlin] Verification - Rows found: 1
[16-Dec-2025 04:21:50 Europe/Berlin] Processing image 2
[16-Dec-2025 04:21:50 Europe/Berlin] Upload error code: 0
[16-Dec-2025 04:21:50 Europe/Berlin] File: Lulu in a bag (1).png, Size: 3047337, Type: image/png
[16-Dec-2025 04:21:50 Europe/Berlin] Attempting to move file to: ratingimages/6940d04e03a62_1765855310_2.png
[16-Dec-2025 04:21:50 Europe/Berlin] SUCCESS: File moved to ratingimages/6940d04e03a62_1765855310_2.png
[16-Dec-2025 04:21:50 Europe/Berlin] SUCCESS: Thumbnail created at ratingimages/thumbnails/thumb_6940d04e03a62_1765855310_2.png
[16-Dec-2025 04:21:50 Europe/Berlin] === IMAGE INSERT DEBUG ===
[16-Dec-2025 04:21:50 Europe/Berlin] Rating ID: 12
[16-Dec-2025 04:21:50 Europe/Berlin] Upload Path: ratingimages/6940d04e03a62_1765855310_2.png
[16-Dec-2025 04:21:50 Europe/Berlin] Thumbnail Path: ratingimages/thumbnails/thumb_6940d04e03a62_1765855310_2.png
[16-Dec-2025 04:21:50 Europe/Berlin] File Name: Lulu in a bag (1).png
[16-Dec-2025 04:21:50 Europe/Berlin] File Size: 3047337
[16-Dec-2025 04:21:50 Europe/Berlin] File Type: image/png
[16-Dec-2025 04:21:50 Europe/Berlin] Image Order: 3
[16-Dec-2025 04:21:50 Europe/Berlin] SUCCESS: Image record inserted into database with ID: 5
[16-Dec-2025 04:21:50 Europe/Berlin] Verification - Rows found: 1
[16-Dec-2025 04:21:50 Europe/Berlin] Processing image 3
[16-Dec-2025 04:21:50 Europe/Berlin] Upload error code: 0
[16-Dec-2025 04:21:50 Europe/Berlin] File: IMC Five Projects.png, Size: 887367, Type: image/png
[16-Dec-2025 04:21:50 Europe/Berlin] Attempting to move file to: ratingimages/6940d04eb73aa_1765855310_3.png
[16-Dec-2025 04:21:50 Europe/Berlin] SUCCESS: File moved to ratingimages/6940d04eb73aa_1765855310_3.png
[16-Dec-2025 04:21:50 Europe/Berlin] PHP Deprecated:  Implicit conversion from float -37.5 to int loses precision in C:\xamppNEW\htdocs\CSSMS\orders.php on line 200
[16-Dec-2025 04:21:51 Europe/Berlin] SUCCESS: Thumbnail created at ratingimages/thumbnails/thumb_6940d04eb73aa_1765855310_3.png
[16-Dec-2025 04:21:51 Europe/Berlin] === IMAGE INSERT DEBUG ===
[16-Dec-2025 04:21:51 Europe/Berlin] Rating ID: 12
[16-Dec-2025 04:21:51 Europe/Berlin] Upload Path: ratingimages/6940d04eb73aa_1765855310_3.png
[16-Dec-2025 04:21:51 Europe/Berlin] Thumbnail Path: ratingimages/thumbnails/thumb_6940d04eb73aa_1765855310_3.png
[16-Dec-2025 04:21:51 Europe/Berlin] File Name: IMC Five Projects.png
[16-Dec-2025 04:21:51 Europe/Berlin] File Size: 887367
[16-Dec-2025 04:21:51 Europe/Berlin] File Type: image/png
[16-Dec-2025 04:21:51 Europe/Berlin] Image Order: 4
[16-Dec-2025 04:21:51 Europe/Berlin] SUCCESS: Image record inserted into database with ID: 6
[16-Dec-2025 04:21:51 Europe/Berlin] Verification - Rows found: 1
[16-Dec-2025 04:21:51 Europe/Berlin] === RATING SUBMISSION END ===
[16-Dec-2025 04:21:51 Europe/Berlin] === Script Started at 2025-12-16 04:21:51 ===
[17-Dec-2025 09:48:24 Europe/Berlin] === Script Started at 2025-12-17 09:48:24 ===
